Arguments: 
  /usr/local/bin/node /usr/local/Cellar/yarn/1.22.4/libexec/bin/yarn.js

PATH: 
  /usr/local/Cellar/php@7.2/7.2.31/bin:/usr/local/bin:/usr/bin:/bin:/usr/sbin:/sbin:/Applications/Postgres.app/Contents/Versions/latest/bin:/Users/daave/Desktop/Projects/Active/WidgetBot/FrontendPackages/react-embed/node_modules/.bin

Yarn version: 
  1.22.4

Node version: 
  12.16.3

Platform: 
  darwin x64

Trace: 
  SyntaxError: /Users/daave/Desktop/Projects/Active/WidgetBot/FrontendPackages/react-embed/package.json: Unexpected token : in JSON at position 262
      at JSON.parse (<anonymous>)
      at /usr/local/Cellar/yarn/1.22.4/libexec/lib/cli.js:1625:59
      at Generator.next (<anonymous>)
      at step (/usr/local/Cellar/yarn/1.22.4/libexec/lib/cli.js:310:30)
      at /usr/local/Cellar/yarn/1.22.4/libexec/lib/cli.js:321:13

npm manifest: 
  {
    "name": "@widgetbot/react-embed",
    "version": "1.2.1",
    "private": false,
    "description": "WidgetBot react-embed",
    "main": "dist/index.js",
    "types": "dist/index.d.ts",
    "repository": "https://github.com/widgetbot-io/react-embed",
    "author": "author": "Daave <daave@widgetbot.io>",
    "license": "MIT",
    "scripts": {
      "start": "tsc -w",
      "precommit": "pretty-quick --staged",
      "release": "yarn build && yarn publish",
      "build": "tsc"
    },
    "dependencies": {
      "@widgetbot/embed-api": "^1.1.2"
    },
    "peerDependencies": {
      "react": "^15.x || ^16.x"
    }
  }

yarn manifest: 
  No manifest

Lockfile: 
  No lockfile
